<?xml version="1.0" encoding="UTF-8"?>
<testng-results skipped="0" failed="0" total="1" passed="1">
  <reporter-output>
  </reporter-output>
  <suite name="Default suite" duration-ms="2130" started-at="2017-04-13T10:15:26Z" finished-at="2017-04-13T10:15:28Z">
    <groups>
    </groups>
    <test name="Default test" duration-ms="2130" started-at="2017-04-13T10:15:26Z" finished-at="2017-04-13T10:15:28Z">
      <class name="appuimtest.sunmi_setting_test">
        <test-method status="PASS" signature="BeforeClass()[pri:0, instance:appuimtest.sunmi_setting_test@6a669053]" name="BeforeClass" is-config="true" duration-ms="15" started-at="2017-04-13T18:15:26Z" finished-at="2017-04-13T18:15:26Z">
          <reporter-output>
          </reporter-output>
        </test-method> <!-- BeforeClass -->
        <test-method status="PASS" signature="sunmi_setting_tests(java.lang.Integer, java.lang.String)[pri:0, instance:appuimtest.sunmi_setting_test@6a669053]" name="sunmi_setting_tests" duration-ms="2088" started-at="2017-04-13T18:15:26Z" description="mi.payment.ui.other.LoginActivity" data-provider="dp" finished-at="2017-04-13T18:15:28Z">
          <params>
            <param index="0">
              <value>
                <![CDATA[1]]>
              </value>
            </param>
            <param index="1">
              <value>
                <![CDATA[a]]>
              </value>
            </param>
          </params>
          <reporter-output>
          </reporter-output>
        </test-method> <!-- sunmi_setting_tests -->
        <test-method status="PASS" signature="afterClass()[pri:0, instance:appuimtest.sunmi_setting_test@6a669053]" name="afterClass" is-config="true" duration-ms="1" started-at="2017-04-13T18:15:28Z" finished-at="2017-04-13T18:15:28Z">
          <reporter-output>
          </reporter-output>
        </test-method> <!-- afterClass -->
      </class> <!-- appuimtest.sunmi_setting_test -->
    </test> <!-- Default test -->
  </suite> <!-- Default suite -->
</testng-results>
