<?xml version="1.0" encoding="UTF-8"?>
<testng-results skipped="0" failed="0" total="1" passed="1">
  <reporter-output>
  </reporter-output>
  <suite name="Default suite" duration-ms="3466" started-at="2017-06-09T08:48:02Z" finished-at="2017-06-09T08:48:06Z">
    <groups>
    </groups>
    <test name="Default test" duration-ms="3466" started-at="2017-06-09T08:48:02Z" finished-at="2017-06-09T08:48:06Z">
      <class name="com.jxust.ssm.autowired.DaoImpl_usetestng">
        <test-method status="PASS" signature="springTestContextBeforeTestClass()[pri:0, instance:com.jxust.ssm.autowired.DaoImpl_usetestng@6e233c17]" name="springTestContextBeforeTestClass" is-config="true" duration-ms="12" started-at="2017-06-09T16:48:02Z" finished-at="2017-06-09T16:48:02Z">
          <reporter-output>
          </reporter-output>
        </test-method> <!-- springTestContextBeforeTestClass -->
        <test-method status="PASS" signature="springTestContextPrepareTestInstance()[pri:0, instance:com.jxust.ssm.autowired.DaoImpl_usetestng@6e233c17]" name="springTestContextPrepareTestInstance" is-config="true" duration-ms="3430" started-at="2017-06-09T16:48:02Z" depends-on-methods="org.springframework.test.context.testng.AbstractTestNGSpringContextTests.springTestContextBeforeTestClass" finished-at="2017-06-09T16:48:06Z">
          <reporter-output>
          </reporter-output>
        </test-method> <!-- springTestContextPrepareTestInstance -->
        <test-method status="PASS" signature="springTestContextBeforeTestMethod(java.lang.reflect.Method)[pri:0, instance:com.jxust.ssm.autowired.DaoImpl_usetestng@6e233c17]" name="springTestContextBeforeTestMethod" is-config="true" duration-ms="2" started-at="2017-06-09T16:48:06Z" finished-at="2017-06-09T16:48:06Z">
          <params>
            <param index="0">
              <value>
                <![CDATA[public void com.jxust.ssm.autowired.DaoImpl_usetestng.test()]]>
              </value>
            </param>
          </params>
          <reporter-output>
          </reporter-output>
        </test-method> <!-- springTestContextBeforeTestMethod -->
        <test-method status="PASS" signature="test()[pri:0, instance:com.jxust.ssm.autowired.DaoImpl_usetestng@6e233c17]" name="test" duration-ms="7" started-at="2017-06-09T16:48:06Z" finished-at="2017-06-09T16:48:06Z">
          <reporter-output>
          </reporter-output>
        </test-method> <!-- test -->
        <test-method status="PASS" signature="springTestContextAfterTestMethod(java.lang.reflect.Method)[pri:0, instance:com.jxust.ssm.autowired.DaoImpl_usetestng@6e233c17]" name="springTestContextAfterTestMethod" is-config="true" duration-ms="1" started-at="2017-06-09T16:48:06Z" finished-at="2017-06-09T16:48:06Z">
          <params>
            <param index="0">
              <value>
                <![CDATA[public void com.jxust.ssm.autowired.DaoImpl_usetestng.test()]]>
              </value>
            </param>
          </params>
          <reporter-output>
          </reporter-output>
        </test-method> <!-- springTestContextAfterTestMethod -->
        <test-method status="PASS" signature="springTestContextAfterTestClass()[pri:0, instance:com.jxust.ssm.autowired.DaoImpl_usetestng@6e233c17]" name="springTestContextAfterTestClass" is-config="true" duration-ms="1" started-at="2017-06-09T16:48:06Z" finished-at="2017-06-09T16:48:06Z">
          <reporter-output>
          </reporter-output>
        </test-method> <!-- springTestContextAfterTestClass -->
      </class> <!-- com.jxust.ssm.autowired.DaoImpl_usetestng -->
    </test> <!-- Default test -->
  </suite> <!-- Default suite -->
</testng-results>
